Copyright 1986-2017 Xilinx, Inc. All Rights Reserved.
---------------------------------------------------------------------------------------------------------------------
| Tool Version : Vivado v.2017.2 (win64) Build 1909853 Thu Jun 15 18:39:09 MDT 2017
| Date         : Tue Dec 15 20:44:11 2020
| Host         : LAPTOP-44GD87I2 running 64-bit major release  (build 9200)
| Command      : report_methodology -file nagusia_methodology_drc_routed.rpt -rpx nagusia_methodology_drc_routed.rpx
| Design       : nagusia
| Device       : xc7a35tcpg236-1
| Speed File   : -1
| Design State : Routed
---------------------------------------------------------------------------------------------------------------------

Report Methodology

Table of Contents
-----------------
1. REPORT SUMMARY
2. REPORT DETAILS

1. REPORT SUMMARY
-----------------
            Netlist: netlist
          Floorplan: design_1
      Design limits: <entire design considered>
             Max violations: <unlimited>
             Violations found: 48
+-----------+------------------+-----------------------------+------------+
| Rule      | Severity         | Description                 | Violations |
+-----------+------------------+-----------------------------+------------+
| TIMING-23 | Critical Warning | Combinatorial loop found    | 14         |
| TIMING-17 | Warning          | Non-clocked sequential cell | 34         |
+-----------+------------------+-----------------------------+------------+

2. REPORT DETAILS
-----------------
TIMING-23#1 Critical Warning
Combinatorial loop found  
A timing loop has been detected on a combinational path. A timing arc has been disabled between component1/elementu[6]_i_2/I1 and component1/elementu[6]_i_2/O to disable the timing loop
Related violations: <none>

TIMING-23#2 Critical Warning
Combinatorial loop found  
A timing loop has been detected on a combinational path. A timing arc has been disabled between component1/elementu[6]_i_4/I2 and component1/elementu[6]_i_4/O to disable the timing loop
Related violations: <none>

TIMING-23#3 Critical Warning
Combinatorial loop found  
A timing loop has been detected on a combinational path. A timing arc has been disabled between component1/g0_b0_i_1/I1 and component1/g0_b0_i_1/O to disable the timing loop
Related violations: <none>

TIMING-23#4 Critical Warning
Combinatorial loop found  
A timing loop has been detected on a combinational path. A timing arc has been disabled between component1/g0_b0_i_10/I2 and component1/g0_b0_i_10/O to disable the timing loop
Related violations: <none>

TIMING-23#5 Critical Warning
Combinatorial loop found  
A timing loop has been detected on a combinational path. A timing arc has been disabled between component1/g0_b0_i_11/I2 and component1/g0_b0_i_11/O to disable the timing loop
Related violations: <none>

TIMING-23#6 Critical Warning
Combinatorial loop found  
A timing loop has been detected on a combinational path. A timing arc has been disabled between component1/g0_b0_i_12/I2 and component1/g0_b0_i_12/O to disable the timing loop
Related violations: <none>

TIMING-23#7 Critical Warning
Combinatorial loop found  
A timing loop has been detected on a combinational path. A timing arc has been disabled between component1/g0_b0_i_2/I1 and component1/g0_b0_i_2/O to disable the timing loop
Related violations: <none>

TIMING-23#8 Critical Warning
Combinatorial loop found  
A timing loop has been detected on a combinational path. A timing arc has been disabled between component1/g0_b0_i_3/I1 and component1/g0_b0_i_3/O to disable the timing loop
Related violations: <none>

TIMING-23#9 Critical Warning
Combinatorial loop found  
A timing loop has been detected on a combinational path. A timing arc has been disabled between component1/g0_b0_i_4/I1 and component1/g0_b0_i_4/O to disable the timing loop
Related violations: <none>

TIMING-23#10 Critical Warning
Combinatorial loop found  
A timing loop has been detected on a combinational path. A timing arc has been disabled between component1/g0_b0_i_5/I1 and component1/g0_b0_i_5/O to disable the timing loop
Related violations: <none>

TIMING-23#11 Critical Warning
Combinatorial loop found  
A timing loop has been detected on a combinational path. A timing arc has been disabled between component1/g0_b0_i_6/I1 and component1/g0_b0_i_6/O to disable the timing loop
Related violations: <none>

TIMING-23#12 Critical Warning
Combinatorial loop found  
A timing loop has been detected on a combinational path. A timing arc has been disabled between component1/g0_b0_i_7/I2 and component1/g0_b0_i_7/O to disable the timing loop
Related violations: <none>

TIMING-23#13 Critical Warning
Combinatorial loop found  
A timing loop has been detected on a combinational path. A timing arc has been disabled between component1/g0_b0_i_8/I2 and component1/g0_b0_i_8/O to disable the timing loop
Related violations: <none>

TIMING-23#14 Critical Warning
Combinatorial loop found  
A timing loop has been detected on a combinational path. A timing arc has been disabled between component1/g0_b0_i_9/I2 and component1/g0_b0_i_9/O to disable the timing loop
Related violations: <none>

TIMING-17#1 Warning
Non-clocked sequential cell  
The clock pin component1/oraingoa_reg[0]/C is not reached by a timing clock
Related violations: <none>

TIMING-17#2 Warning
Non-clocked sequential cell  
The clock pin component1/oraingoa_reg[1]/C is not reached by a timing clock
Related violations: <none>

TIMING-17#3 Warning
Non-clocked sequential cell  
The clock pin component2/clk_out_reg/C is not reached by a timing clock
Related violations: <none>

TIMING-17#4 Warning
Non-clocked sequential cell  
The clock pin component2/kont_reg[0]/C is not reached by a timing clock
Related violations: <none>

TIMING-17#5 Warning
Non-clocked sequential cell  
The clock pin component2/kont_reg[10]/C is not reached by a timing clock
Related violations: <none>

TIMING-17#6 Warning
Non-clocked sequential cell  
The clock pin component2/kont_reg[11]/C is not reached by a timing clock
Related violations: <none>

TIMING-17#7 Warning
Non-clocked sequential cell  
The clock pin component2/kont_reg[12]/C is not reached by a timing clock
Related violations: <none>

TIMING-17#8 Warning
Non-clocked sequential cell  
The clock pin component2/kont_reg[13]/C is not reached by a timing clock
Related violations: <none>

TIMING-17#9 Warning
Non-clocked sequential cell  
The clock pin component2/kont_reg[14]/C is not reached by a timing clock
Related violations: <none>

TIMING-17#10 Warning
Non-clocked sequential cell  
The clock pin component2/kont_reg[15]/C is not reached by a timing clock
Related violations: <none>

TIMING-17#11 Warning
Non-clocked sequential cell  
The clock pin component2/kont_reg[16]/C is not reached by a timing clock
Related violations: <none>

TIMING-17#12 Warning
Non-clocked sequential cell  
The clock pin component2/kont_reg[1]/C is not reached by a timing clock
Related violations: <none>

TIMING-17#13 Warning
Non-clocked sequential cell  
The clock pin component2/kont_reg[2]/C is not reached by a timing clock
Related violations: <none>

TIMING-17#14 Warning
Non-clocked sequential cell  
The clock pin component2/kont_reg[3]/C is not reached by a timing clock
Related violations: <none>

TIMING-17#15 Warning
Non-clocked sequential cell  
The clock pin component2/kont_reg[4]/C is not reached by a timing clock
Related violations: <none>

TIMING-17#16 Warning
Non-clocked sequential cell  
The clock pin component2/kont_reg[5]/C is not reached by a timing clock
Related violations: <none>

TIMING-17#17 Warning
Non-clocked sequential cell  
The clock pin component2/kont_reg[6]/C is not reached by a timing clock
Related violations: <none>

TIMING-17#18 Warning
Non-clocked sequential cell  
The clock pin component2/kont_reg[7]/C is not reached by a timing clock
Related violations: <none>

TIMING-17#19 Warning
Non-clocked sequential cell  
The clock pin component2/kont_reg[8]/C is not reached by a timing clock
Related violations: <none>

TIMING-17#20 Warning
Non-clocked sequential cell  
The clock pin component2/kont_reg[9]/C is not reached by a timing clock
Related violations: <none>

TIMING-17#21 Warning
Non-clocked sequential cell  
The clock pin component4/elementu_reg[0]/C is not reached by a timing clock
Related violations: <none>

TIMING-17#22 Warning
Non-clocked sequential cell  
The clock pin component4/elementu_reg[1]/C is not reached by a timing clock
Related violations: <none>

TIMING-17#23 Warning
Non-clocked sequential cell  
The clock pin component4/elementu_reg[2]/C is not reached by a timing clock
Related violations: <none>

TIMING-17#24 Warning
Non-clocked sequential cell  
The clock pin component4/elementu_reg[3]/C is not reached by a timing clock
Related violations: <none>

TIMING-17#25 Warning
Non-clocked sequential cell  
The clock pin component4/elementu_reg[4]/C is not reached by a timing clock
Related violations: <none>

TIMING-17#26 Warning
Non-clocked sequential cell  
The clock pin component4/elementu_reg[5]/C is not reached by a timing clock
Related violations: <none>

TIMING-17#27 Warning
Non-clocked sequential cell  
The clock pin component4/elementu_reg[6]/C is not reached by a timing clock
Related violations: <none>

TIMING-17#28 Warning
Non-clocked sequential cell  
The clock pin component4/fin_reg[0]/C is not reached by a timing clock
Related violations: <none>

TIMING-17#29 Warning
Non-clocked sequential cell  
The clock pin component4/fin_reg[1]/C is not reached by a timing clock
Related violations: <none>

TIMING-17#30 Warning
Non-clocked sequential cell  
The clock pin component8/FSM_onehot_oraingoa_reg[0]/C is not reached by a timing clock
Related violations: <none>

TIMING-17#31 Warning
Non-clocked sequential cell  
The clock pin component8/FSM_onehot_oraingoa_reg[1]/C is not reached by a timing clock
Related violations: <none>

TIMING-17#32 Warning
Non-clocked sequential cell  
The clock pin component8/FSM_onehot_oraingoa_reg[2]/C is not reached by a timing clock
Related violations: <none>

TIMING-17#33 Warning
Non-clocked sequential cell  
The clock pin component8/FSM_onehot_oraingoa_reg[3]/C is not reached by a timing clock
Related violations: <none>

TIMING-17#34 Warning
Non-clocked sequential cell  
The clock pin component8/FSM_onehot_oraingoa_reg[4]/C is not reached by a timing clock
Related violations: <none>


