#-----------------------------------------------------------
# Vivado v2017.2 (64-bit)
# SW Build 1909853 on Thu Jun 15 18:39:09 MDT 2017
# IP Build 1909766 on Thu Jun 15 19:58:00 MDT 2017
# Start of session at: Sun Jan 24 19:10:07 2021
# Process ID: 9064
# Current directory: C:/Users/Lenovo/Desktop/proyecto/producto/Sistemas_logicos_programables/Demo_completa
# Command line: vivado.exe -gui_launcher_event rodinguilauncherevent4160 C:\Users\Lenovo\Desktop\proyecto\producto\Sistemas_logicos_programables\Demo_completa\Demo_completa.xpr
# Log file: C:/Users/Lenovo/Desktop/proyecto/producto/Sistemas_logicos_programables/Demo_completa/vivado.log
# Journal file: C:/Users/Lenovo/Desktop/proyecto/producto/Sistemas_logicos_programables/Demo_completa\vivado.jou
#-----------------------------------------------------------
start_gui
opopen_project C:/Users/Lenovo/Desktop/proyecto/producto/Sistemas_logicos_programables/Demo_completa/Demo_completa.xpr
INFO: [ProjectBase 1-489] The host OS only allows 260 characters in a normal path. The project is stored in a path with more than 80 characters. If you experience issues with IP, Block Designs, or files not being found, please consider moving the project to a location with a shorter path. Alternately consider using the OS subst command to map part of the path to a drive letter.
Current project path is 'C:/Users/Lenovo/Desktop/proyecto/producto/Sistemas_logicos_programables/Demo_completaINFO: [Project 1-313] Project file moved from 'C:/Users/mikel/Desktop/Demo_completa' since last save.
ScScanning sources..FiFinished scanning sourceWARNING: [filemgmt 56-2] IPUserFilesDir: Could not find the directory 'C:/Users/Lenovo/Desktop/proyecto/producto/Sistemas_logicos_programables/Demo_completa/Demo_completa.ip_user_files', nor could it be found using path 'C:/Users/mikel/Desktop/Demo_completa/Demo_completa.ip_user_files'.
ININFO: [IP_Flow 19-234] Refreshing IP repositories
INFO: [IP_Flow 19-1704] No user IP repositories specifieINFO: [IP_Flow 19-2313] Loaded Vivado IP repository 'C:/Xilinx/Vivado/2017.2/data/ip'.
opopen_project: Time (s): cpu = 00:00:11 ; elapsed = 00:00:06 . Memory (MB): peak = 805.559 ; gain = 6.215uupdate_compile_order -fileset sources_1ereset_run synth_1
launch_runs impl_1 -to_step write_bitstream -jobs 4
[Sun Jan 24 19:11:57 2021] Launched synth_1...
Run output will be captured here: C:/Users/Lenovo/Desktop/proyecto/producto/Sistemas_logicos_programables/Demo_completa/Demo_completa.runs/synth_1/runme.log
[Sun Jan 24 19:11:57 2021] Launched impl_1...
Run output will be captured here: C:/Users/Lenovo/Desktop/proyecto/producto/Sistemas_logicos_programables/Demo_completa/Demo_completa.runs/impl_1/runme.log
open_hw
connect_hw_server
INFO: [Labtools 27-2285] Connecting to hw_server url TCP:localhost:3121
INFO: [Labtools 27-2222] Launching hw_server...
INFO: [Labtools 27-2221] Launch Output:

****** Xilinx hw_server v2017.2
  **** Build date : Jun 15 2017-18:53:26
    ** Copyright 1986-2017 Xilinx, Inc. All Rights Reserved.


open_hw_target
INFO: [Labtoolstcl 44-466] Opening hw_target localhost:3121/xilinx_tcf/Digilent/210183AF2EA7A
set_property PROGRAM.FILE {C:/Users/Lenovo/Desktop/proyecto/producto/Sistemas_logicos_programables/Demo_completa/Demo_completa.runs/impl_1/TopDesign.bit} [get_hw_devices xc7a35t_0]
current_hw_device [get_hw_devices xc7a35t_0]
refresh_hw_device -update_hw_probes false [lindex [get_hw_devices xc7a35t_0] 0]
INFO: [Labtools 27-1435] Device xc7a35t (JTAG device index = 0) is not programmed (DONE status = 0).
set_property PROBES.FILE {} [get_hw_devices xc7a35t_0]
set_property FULL_PROBES.FILE {} [get_hw_devices xc7a35t_0]
set_property PROGRAM.FILE {C:/Users/Lenovo/Desktop/proyecto/producto/Sistemas_logicos_programables/Demo_completa/Demo_completa.runs/impl_1/TopDesign.bit} [get_hw_devices xc7a35t_0]
program_hw_devices [get_hw_devices xc7a35t_0]
INFO: [Labtools 27-3164] End of startup status: HIGH
refresh_hw_device [lindex [get_hw_devices xc7a35t_0] 0]
INFO: [Labtools 27-1434] Device xc7a35t (JTAG device index = 0) is programmed with a design that has no supported debug core(s) in it.
WARNING: [Labtools 27-3361] The debug hub core was not detected.
Resolution: 
1. Make sure the clock connected to the debug hub (dbg_hub) core is a free running clock and is active.
2. Make sure the BSCAN_SWITCH_USER_MASK device property in Vivado Hardware Manager reflects the user scan chain setting in the design and refresh the device.  To determine the user scan chain setting in the design, open the implemented design and use 'get_property C_USER_SCAN_CHAIN [get_debug_cores dbg_hub]'.
For more details on setting the scan chain property, consult the Vivado Debug and Programming User Guide (UG908).
ERROR: [Labtoolstcl 44-513] HW Target shutdown. Closing target: localhost:3121/xilinx_tcf/Digilent/210183AF2EA7A
exit
INFO: [Common 17-206] Exiting Vivado at Sun Jan 24 19:27:46 2021...
