Copyright 1986-2017 Xilinx, Inc. All Rights Reserved.
-------------------------------------------------------------------------------------------------------------------
| Tool Version : Vivado v.2017.2 (win64) Build 1909853 Thu Jun 15 18:39:09 MDT 2017
| Date         : Mon Dec 28 19:37:57 2020
| Host         : LAPTOP-44GD87I2 running 64-bit major release  (build 9200)
| Command      : report_methodology -file ProFit_methodology_drc_routed.rpt -rpx ProFit_methodology_drc_routed.rpx
| Design       : ProFit
| Device       : xa7a35tcpg236-1I
| Speed File   : -1I
| Design State : Routed
-------------------------------------------------------------------------------------------------------------------

Report Methodology

Table of Contents
-----------------
1. REPORT SUMMARY
2. REPORT DETAILS

1. REPORT SUMMARY
-----------------
            Netlist: netlist
          Floorplan: design_1
      Design limits: <entire design considered>
             Max violations: <unlimited>
             Violations found: 1
+-----------+----------+-----------------------------+------------+
| Rule      | Severity | Description                 | Violations |
+-----------+----------+-----------------------------+------------+
| TIMING-17 | Warning  | Non-clocked sequential cell | 1          |
+-----------+----------+-----------------------------+------------+

2. REPORT DETAILS
-----------------
TIMING-17#1 Warning
Non-clocked sequential cell  
The clock pin tx_recive/pipeline_serial/C is not reached by a timing clock
Related violations: <none>


